<?xml version="1.0" encoding="UTF-8"?>
<!-- Generated by org.testng.reporters.JUnitReportReporter -->
<testsuite skipped="0" hostname="CS-LP-909" name="com.byte_.qa.test.SegmentationTest" tests="1" failures="0" timestamp="2024-01-23T11:31:08 IST" time="0.224" errors="0">
  <testcase name="testImageSegmentation" time="0.224" classname="com.byte_.qa.test.SegmentationTest"/>
  <system-out/>
</testsuite> <!-- com.byte_.qa.test.SegmentationTest -->
