<?xml version="1.0" encoding="UTF-8"?>
<!-- Generated by org.testng.reporters.JUnitReportReporter -->
<testsuite skipped="0" hostname="CS-LP-909" name="com.byte_.qa.test.BestFramePicker" tests="1" failures="0" timestamp="2024-01-19T19:02:07 IST" time="63.755" errors="0">
  <testcase name="testImageSegmentation" time="63.755" classname="com.byte_.qa.test.BestFramePicker"/>
  <system-out/>
</testsuite> <!-- com.byte_.qa.test.BestFramePicker -->
