<?xml version="1.0" encoding="UTF-8"?>
<!-- Generated by org.testng.reporters.JUnitReportReporter -->
<testsuite skipped="0" hostname="CS-LP-909" name="com.byte_.qa.test.SegmentationTesting" tests="1" failures="0" timestamp="2024-01-18T15:19:55 IST" time="0.220" errors="0">
  <testcase name="testImageSegmentation" time="0.220" classname="com.byte_.qa.test.SegmentationTesting"/>
  <system-out/>
</testsuite> <!-- com.byte_.qa.test.SegmentationTesting -->
